<?xml version="1.0" encoding="UTF-8"?>
<!-- Generated by org.testng.reporters.JUnitReportReporter -->
<testsuite hostname="BHANDARKARs-MBP" failures="0" tests="2" name="com.demo.testCases.TC02_LoginTest_UsingXL" time="22.885" errors="0" timestamp="2024-07-24T17:50:15 GST" skipped="0">
  <testcase classname="com.demo.testCases.TC02_LoginTest_UsingXL" name="loginDDT" time="11.358"/>
  <system-out/>
  <testcase classname="com.demo.testCases.TC02_LoginTest_UsingXL" name="loginDDT" time="11.527"/>
  <system-out/>
</testsuite> <!-- com.demo.testCases.TC02_LoginTest_UsingXL -->
