<?xml version="1.0" encoding="UTF-8"?>
<!-- Generated by org.testng.reporters.JUnitReportReporter -->
<testsuite hostname="BHANDARKARs-MBP" failures="0" tests="1" name="com.demo.testCases.TC01_LoginTest" time="1.805" errors="0" timestamp="2024-07-24T17:50:15 GST" skipped="0">
  <testcase classname="com.demo.testCases.TC01_LoginTest" name="loginTest" time="1.805"/>
  <system-out/>
</testsuite> <!-- com.demo.testCases.TC01_LoginTest -->
